<?xml version="1.0" encoding="UTF-8"?>
<robot generator="Robot 7.0 (Python 3.9.10 on darwin)" generated="2024-03-19T16:54:22.830837" rpa="false" schemaversion="5">
<suite id="s1" name="07-Deleteaddress" source="/Users/kawinpop/workspace/bc-app/07-Deleteaddress.robot">
<test id="s1-t1" name="Open Android app" line="16">
<kw name="Open Application" owner="AppiumLibrary">
<arg>${REMOTE_URL}</arg>
<arg>platformName=${PLATFORM_NAME_ANDROID}</arg>
<arg>deviceName=${DEVICE_NAME_ANDROID}</arg>
<arg>appPackage=${appPackage}</arg>
<arg>newCommandTimeout=${newCommandTimeout}</arg>
<arg>appActivity=${appActivity}</arg>
<arg>noReset=${noReset}</arg>
<arg>automationName=${AUTOMATION_NAME}</arg>
<doc>Opens a new application to given Appium server.
Capabilities of appium server, Android and iOS,
Please check https://github.com/appium/appium/blob/master/docs/en/writing-running-appium/server-args.md
| *Option*            | *Man.* | *Description*     |
| remote_url          | Yes    | Appium server url |
| alias               | no     | alias             |</doc>
<status status="PASS" start="2024-03-19T16:54:22.946166" elapsed="7.543407"/>
</kw>
<kw name="Sleep" owner="BuiltIn">
<msg time="2024-03-19T16:54:33.490881" level="INFO">Slept 3 seconds.</msg>
<arg>3</arg>
<doc>Pauses the test executed for the given time.</doc>
<status status="PASS" start="2024-03-19T16:54:30.490295" elapsed="3.000845"/>
</kw>
<status status="PASS" start="2024-03-19T16:54:22.945322" elapsed="10.546351"/>
</test>
<test id="s1-t2" name="login" line="20">
<kw name="Wait Until Element Is Visible" owner="AppiumLibrary">
<arg>xpath=//android.widget.Button[@content-desc="Log in"]</arg>
<doc>Waits until element specified with `locator` is visible.</doc>
<status status="PASS" start="2024-03-19T16:54:33.492918" elapsed="1.516636"/>
</kw>
<kw name="Click Element" owner="AppiumLibrary">
<msg time="2024-03-19T16:54:35.011137" level="INFO">Clicking element 'xpath=//android.widget.Button[@content-desc="Log in"]'.</msg>
<arg>xpath=//android.widget.Button[@content-desc="Log in"]</arg>
<doc>Click element identified by `locator`.</doc>
<status status="PASS" start="2024-03-19T16:54:35.009805" elapsed="1.228627"/>
</kw>
<kw name="Sleep" owner="BuiltIn">
<msg time="2024-03-19T16:54:39.239703" level="INFO">Slept 3 seconds.</msg>
<arg>3</arg>
<doc>Pauses the test executed for the given time.</doc>
<status status="PASS" start="2024-03-19T16:54:36.238771" elapsed="3.001089"/>
</kw>
<kw name="Wait Until Element Is Visible" owner="AppiumLibrary">
<arg>xpath=/hierarchy/android.widget.FrameLayout/android.widget.LinearLayout/android.widget.FrameLayout/android.widget.FrameLayout/android.view.View/android.view.View/android.view.View/android.view.View[2]/android.widget.EditText</arg>
<doc>Waits until element specified with `locator` is visible.</doc>
<status status="PASS" start="2024-03-19T16:54:39.240162" elapsed="0.115784"/>
</kw>
<kw name="Input Text" owner="AppiumLibrary">
<msg time="2024-03-19T16:54:39.358832" level="INFO">Typing text '0700000001' into text field 'xpath=/hierarchy/android.widget.FrameLayout/android.widget.LinearLayout/android.widget.FrameLayout/android.widget.FrameLayout/android.view.View/android.view.View/android.view.View/android.view.View[2]/android.widget.EditText'</msg>
<arg>xpath=/hierarchy/android.widget.FrameLayout/android.widget.LinearLayout/android.widget.FrameLayout/android.widget.FrameLayout/android.view.View/android.view.View/android.view.View/android.view.View[2]/android.widget.EditText</arg>
<arg>0700000001</arg>
<doc>Types the given `text` into text field identified by `locator`.</doc>
<status status="PASS" start="2024-03-19T16:54:39.356591" elapsed="0.121185"/>
</kw>
<kw name="Sleep" owner="BuiltIn">
<msg time="2024-03-19T16:54:42.478881" level="INFO">Slept 3 seconds.</msg>
<arg>3</arg>
<doc>Pauses the test executed for the given time.</doc>
<status status="PASS" start="2024-03-19T16:54:39.478250" elapsed="3.000766"/>
</kw>
<kw name="Wait Until Element Is Visible" owner="AppiumLibrary">
<arg>xpath=/hierarchy/android.widget.FrameLayout/android.widget.LinearLayout/android.widget.FrameLayout/android.widget.FrameLayout/android.view.View/android.view.View/android.view.View/android.view.View/android.widget.EditText</arg>
<doc>Waits until element specified with `locator` is visible.</doc>
<status status="PASS" start="2024-03-19T16:54:42.479323" elapsed="0.766470"/>
</kw>
<kw name="Input Text" owner="AppiumLibrary">
<msg time="2024-03-19T16:54:43.247692" level="INFO">Typing text '123456' into text field 'xpath=/hierarchy/android.widget.FrameLayout/android.widget.LinearLayout/android.widget.FrameLayout/android.widget.FrameLayout/android.view.View/android.view.View/android.view.View/android.view.View/android.widget.EditText'</msg>
<arg>xpath=/hierarchy/android.widget.FrameLayout/android.widget.LinearLayout/android.widget.FrameLayout/android.widget.FrameLayout/android.view.View/android.view.View/android.view.View/android.view.View/android.widget.EditText</arg>
<arg>123456</arg>
<doc>Types the given `text` into text field identified by `locator`.</doc>
<status status="PASS" start="2024-03-19T16:54:43.246076" elapsed="0.120683"/>
</kw>
<kw name="Sleep" owner="BuiltIn">
<msg time="2024-03-19T16:54:46.367886" level="INFO">Slept 3 seconds.</msg>
<arg>3</arg>
<doc>Pauses the test executed for the given time.</doc>
<status status="PASS" start="2024-03-19T16:54:43.367074" elapsed="3.000930"/>
</kw>
<kw name="Click Element At Coordinates" owner="AppiumLibrary">
<msg time="2024-03-19T16:54:46.370322" level="INFO">Pressing at (973, 2234).</msg>
<arg>973</arg>
<arg>2234</arg>
<doc>click element at a certain coordinate</doc>
<status status="PASS" start="2024-03-19T16:54:46.368296" elapsed="2.735441"/>
</kw>
<status status="PASS" start="2024-03-19T16:54:33.492235" elapsed="15.611840"/>
</test>
<test id="s1-t3" name="Saves Addres" line="32">
<kw name="Wait Until Element Is Visible" owner="AppiumLibrary">
<arg>xpath=//android.view.View[@content-desc="Saved Addresses"]</arg>
<doc>Waits until element specified with `locator` is visible.</doc>
<status status="PASS" start="2024-03-19T16:54:49.104790" elapsed="0.066597"/>
</kw>
<kw name="Click Element" owner="AppiumLibrary">
<msg time="2024-03-19T16:54:49.173049" level="INFO">Clicking element 'xpath=//android.view.View[@content-desc="Saved Addresses"]'.</msg>
<arg>xpath=//android.view.View[@content-desc="Saved Addresses"]</arg>
<doc>Click element identified by `locator`.</doc>
<status status="PASS" start="2024-03-19T16:54:49.171636" elapsed="0.798715"/>
</kw>
<status status="PASS" start="2024-03-19T16:54:49.104372" elapsed="0.866312"/>
</test>
<test id="s1-t4" name="Delete address" line="36">
<kw name="Sleep" owner="BuiltIn">
<msg time="2024-03-19T16:54:52.972172" level="INFO">Slept 3 seconds.</msg>
<arg>3</arg>
<doc>Pauses the test executed for the given time.</doc>
<status status="PASS" start="2024-03-19T16:54:49.971532" elapsed="3.000791"/>
</kw>
<kw name="Click Element At Coordinates" owner="AppiumLibrary">
<msg time="2024-03-19T16:54:52.974890" level="INFO">Pressing at (378, 902).</msg>
<arg>378</arg>
<arg>902</arg>
<doc>click element at a certain coordinate</doc>
<status status="PASS" start="2024-03-19T16:54:52.972655" elapsed="0.831331"/>
</kw>
<kw name="Sleep" owner="BuiltIn">
<msg time="2024-03-19T16:54:56.804728" level="INFO">Slept 3 seconds.</msg>
<arg>3</arg>
<doc>Pauses the test executed for the given time.</doc>
<status status="PASS" start="2024-03-19T16:54:53.804363" elapsed="3.000534"/>
</kw>
<kw name="Wait Until Element Is Visible" owner="AppiumLibrary">
<arg>accessibility_id=Remove</arg>
<doc>Waits until element specified with `locator` is visible.</doc>
<status status="PASS" start="2024-03-19T16:54:56.805238" elapsed="0.041431"/>
</kw>
<kw name="Click Element" owner="AppiumLibrary">
<msg time="2024-03-19T16:54:56.848415" level="INFO">Clicking element 'accessibility_id=Remove'.</msg>
<arg>accessibility_id=Remove</arg>
<doc>Click element identified by `locator`.</doc>
<status status="PASS" start="2024-03-19T16:54:56.846966" elapsed="0.710306"/>
</kw>
<status status="PASS" start="2024-03-19T16:54:49.971087" elapsed="7.586554"/>
</test>
<test id="s1-t5" name="Click back" line="43">
<kw name="Sleep" owner="BuiltIn">
<msg time="2024-03-19T16:55:00.575159" level="INFO">Slept 3 seconds.</msg>
<arg>3</arg>
<doc>Pauses the test executed for the given time.</doc>
<status status="PASS" start="2024-03-19T16:54:57.573759" elapsed="3.001586"/>
</kw>
<kw name="Wait Until Element Is Visible" owner="AppiumLibrary">
<arg>xpath=/hierarchy/android.widget.FrameLayout/android.widget.LinearLayout/android.widget.FrameLayout/android.widget.FrameLayout/android.view.View/android.view.View/android.view.View/android.view.View[1]/android.view.View[1]</arg>
<doc>Waits until element specified with `locator` is visible.</doc>
<status status="PASS" start="2024-03-19T16:55:00.575839" elapsed="0.059614"/>
</kw>
<kw name="Click Element" owner="AppiumLibrary">
<msg time="2024-03-19T16:55:00.637079" level="INFO">Clicking element 'xpath=/hierarchy/android.widget.FrameLayout/android.widget.LinearLayout/android.widget.FrameLayout/android.widget.FrameLayout/android.view.View/android.view.View/android.view.View/android.view.View[1]/android.view.View[1]'.</msg>
<arg>xpath=/hierarchy/android.widget.FrameLayout/android.widget.LinearLayout/android.widget.FrameLayout/android.widget.FrameLayout/android.view.View/android.view.View/android.view.View/android.view.View[1]/android.view.View[1]</arg>
<doc>Click element identified by `locator`.</doc>
<status status="PASS" start="2024-03-19T16:55:00.635707" elapsed="0.083229"/>
</kw>
<status status="PASS" start="2024-03-19T16:54:57.558075" elapsed="3.161974"/>
</test>
<test id="s1-t6" name="logout" line="48">
<kw name="Wait Until Element Is Visible" owner="AppiumLibrary">
<arg>xpath=//android.view.View[@content-desc="My Profile"]</arg>
<doc>Waits until element specified with `locator` is visible.</doc>
<status status="PASS" start="2024-03-19T16:55:00.722029" elapsed="0.865052"/>
</kw>
<kw name="Click Element" owner="AppiumLibrary">
<msg time="2024-03-19T16:55:01.588750" level="INFO">Clicking element 'xpath=//android.view.View[@content-desc="My Profile"]'.</msg>
<arg>xpath=//android.view.View[@content-desc="My Profile"]</arg>
<doc>Click element identified by `locator`.</doc>
<status status="PASS" start="2024-03-19T16:55:01.587380" elapsed="1.206235"/>
</kw>
<kw name="Sleep" owner="BuiltIn">
<msg time="2024-03-19T16:55:05.794475" level="INFO">Slept 3 seconds.</msg>
<arg>3</arg>
<doc>Pauses the test executed for the given time.</doc>
<status status="PASS" start="2024-03-19T16:55:02.793895" elapsed="3.000724"/>
</kw>
<kw name="Wait Until Element Is Visible" owner="AppiumLibrary">
<arg>xpath=//android.widget.Button[@content-desc="Sign out"]</arg>
<doc>Waits until element specified with `locator` is visible.</doc>
<status status="PASS" start="2024-03-19T16:55:05.794924" elapsed="0.093640"/>
</kw>
<kw name="Click Element" owner="AppiumLibrary">
<msg time="2024-03-19T16:55:05.890563" level="INFO">Clicking element 'xpath=//android.widget.Button[@content-desc="Sign out"]'.</msg>
<arg>xpath=//android.widget.Button[@content-desc="Sign out"]</arg>
<doc>Click element identified by `locator`.</doc>
<status status="PASS" start="2024-03-19T16:55:05.888891" elapsed="0.940881"/>
</kw>
<kw name="Sleep" owner="BuiltIn">
<msg time="2024-03-19T16:55:09.830984" level="INFO">Slept 3 seconds.</msg>
<arg>3</arg>
<doc>Pauses the test executed for the given time.</doc>
<status status="PASS" start="2024-03-19T16:55:06.830070" elapsed="3.001899"/>
</kw>
<kw name="Close Application" owner="AppiumLibrary">
<doc>Closes the current application and also close webdriver session.</doc>
<status status="PASS" start="2024-03-19T16:55:09.833211" elapsed="0.446142"/>
</kw>
<status status="PASS" start="2024-03-19T16:55:00.720998" elapsed="9.558640"/>
</test>
<status status="PASS" start="2024-03-19T16:54:22.832779" elapsed="47.447414"/>
</suite>
<statistics>
<total>
<stat pass="6" fail="0" skip="0">All Tests</stat>
</total>
<tag>
</tag>
<suite>
<stat pass="6" fail="0" skip="0" id="s1" name="07-Deleteaddress">07-Deleteaddress</stat>
</suite>
</statistics>
<errors>
</errors>
</robot>
