<?xml version="1.0" encoding="UTF-8"?>
<robot generator="Robot 7.0 (Python 3.9.10 on darwin)" generated="2024-03-19T14:26:00.945762" rpa="false" schemaversion="5">
<suite id="s1" name="02-Login" source="/Users/kawinpop/workspace/bc-app/02-login.robot">
<test id="s1-t1" name="Open Android app" line="16">
<kw name="Open Application" owner="AppiumLibrary">
<arg>${REMOTE_URL}</arg>
<arg>platformName=${PLATFORM_NAME_ANDROID}</arg>
<arg>deviceName=${DEVICE_NAME_ANDROID}</arg>
<arg>appPackage=${appPackage}</arg>
<arg>newCommandTimeout=${newCommandTimeout}</arg>
<arg>appActivity=${appActivity}</arg>
<arg>noReset=${noReset}</arg>
<arg>automationName=${AUTOMATION_NAME}</arg>
<doc>Opens a new application to given Appium server.
Capabilities of appium server, Android and iOS,
Please check https://github.com/appium/appium/blob/master/docs/en/writing-running-appium/server-args.md
| *Option*            | *Man.* | *Description*     |
| remote_url          | Yes    | Appium server url |
| alias               | no     | alias             |</doc>
<status status="PASS" start="2024-03-19T14:26:01.063041" elapsed="7.098995"/>
</kw>
<kw name="Sleep" owner="BuiltIn">
<msg time="2024-03-19T14:26:11.162883" level="INFO">Slept 3 seconds.</msg>
<arg>3</arg>
<doc>Pauses the test executed for the given time.</doc>
<status status="PASS" start="2024-03-19T14:26:08.162523" elapsed="3.000507"/>
</kw>
<status status="PASS" start="2024-03-19T14:26:01.062240" elapsed="10.101088"/>
</test>
<test id="s1-t2" name="login" line="20">
<kw name="Wait Until Element Is Visible" owner="AppiumLibrary">
<arg>xpath=//android.widget.Button[@content-desc="Log in"]</arg>
<doc>Waits until element specified with `locator` is visible.</doc>
<status status="PASS" start="2024-03-19T14:26:11.164209" elapsed="1.527496"/>
</kw>
<kw name="Click Element" owner="AppiumLibrary">
<msg time="2024-03-19T14:26:12.693541" level="INFO">Clicking element 'xpath=//android.widget.Button[@content-desc="Log in"]'.</msg>
<arg>xpath=//android.widget.Button[@content-desc="Log in"]</arg>
<doc>Click element identified by `locator`.</doc>
<status status="PASS" start="2024-03-19T14:26:12.691993" elapsed="0.088312"/>
</kw>
<kw name="Sleep" owner="BuiltIn">
<msg time="2024-03-19T14:26:15.781673" level="INFO">Slept 3 seconds.</msg>
<arg>3</arg>
<doc>Pauses the test executed for the given time.</doc>
<status status="PASS" start="2024-03-19T14:26:12.780738" elapsed="3.001158"/>
</kw>
<kw name="Wait Until Element Is Visible" owner="AppiumLibrary">
<arg>xpath=/hierarchy/android.widget.FrameLayout/android.widget.LinearLayout/android.widget.FrameLayout/android.widget.FrameLayout/android.view.View/android.view.View/android.view.View/android.view.View[2]/android.widget.EditText</arg>
<doc>Waits until element specified with `locator` is visible.</doc>
<status status="PASS" start="2024-03-19T14:26:15.782236" elapsed="0.111234"/>
</kw>
<kw name="Input Text" owner="AppiumLibrary">
<msg time="2024-03-19T14:26:15.895824" level="INFO">Typing text '0700000001' into text field 'xpath=/hierarchy/android.widget.FrameLayout/android.widget.LinearLayout/android.widget.FrameLayout/android.widget.FrameLayout/android.view.View/android.view.View/android.view.View/android.view.View[2]/android.widget.EditText'</msg>
<arg>xpath=/hierarchy/android.widget.FrameLayout/android.widget.LinearLayout/android.widget.FrameLayout/android.widget.FrameLayout/android.view.View/android.view.View/android.view.View/android.view.View[2]/android.widget.EditText</arg>
<arg>0700000001</arg>
<doc>Types the given `text` into text field identified by `locator`.</doc>
<status status="PASS" start="2024-03-19T14:26:15.894041" elapsed="0.087722"/>
</kw>
<kw name="Sleep" owner="BuiltIn">
<msg time="2024-03-19T14:26:18.982493" level="INFO">Slept 3 seconds.</msg>
<arg>3</arg>
<doc>Pauses the test executed for the given time.</doc>
<status status="PASS" start="2024-03-19T14:26:15.982129" elapsed="3.000496"/>
</kw>
<kw name="Wait Until Element Is Visible" owner="AppiumLibrary">
<arg>xpath=/hierarchy/android.widget.FrameLayout/android.widget.LinearLayout/android.widget.FrameLayout/android.widget.FrameLayout/android.view.View/android.view.View/android.view.View/android.view.View/android.widget.EditText</arg>
<doc>Waits until element specified with `locator` is visible.</doc>
<status status="PASS" start="2024-03-19T14:26:18.982886" elapsed="0.813803"/>
</kw>
<kw name="Input Text" owner="AppiumLibrary">
<msg time="2024-03-19T14:26:19.798514" level="INFO">Typing text '123456' into text field 'xpath=/hierarchy/android.widget.FrameLayout/android.widget.LinearLayout/android.widget.FrameLayout/android.widget.FrameLayout/android.view.View/android.view.View/android.view.View/android.view.View/android.widget.EditText'</msg>
<arg>xpath=/hierarchy/android.widget.FrameLayout/android.widget.LinearLayout/android.widget.FrameLayout/android.widget.FrameLayout/android.view.View/android.view.View/android.view.View/android.view.View/android.widget.EditText</arg>
<arg>123456</arg>
<doc>Types the given `text` into text field identified by `locator`.</doc>
<status status="PASS" start="2024-03-19T14:26:19.797015" elapsed="0.108767"/>
</kw>
<kw name="Sleep" owner="BuiltIn">
<msg time="2024-03-19T14:26:22.907285" level="INFO">Slept 3 seconds.</msg>
<arg>3</arg>
<doc>Pauses the test executed for the given time.</doc>
<status status="PASS" start="2024-03-19T14:26:19.906317" elapsed="3.001143"/>
</kw>
<status status="PASS" start="2024-03-19T14:26:11.163782" elapsed="11.744205"/>
</test>
<test id="s1-t3" name="tab More" line="30">
<kw name="Click Element At Coordinates" owner="AppiumLibrary">
<msg time="2024-03-19T14:26:22.912274" level="INFO">Pressing at (973, 2234).</msg>
<arg>973</arg>
<arg>2234</arg>
<doc>click element at a certain coordinate</doc>
<status status="PASS" start="2024-03-19T14:26:22.909222" elapsed="1.515796"/>
</kw>
<status status="PASS" start="2024-03-19T14:26:22.908324" elapsed="1.517017"/>
</test>
<test id="s1-t4" name="logout" line="33">
<kw name="Wait Until Element Is Visible" owner="AppiumLibrary">
<arg>xpath=//android.view.View[@content-desc="My Profile"]</arg>
<doc>Waits until element specified with `locator` is visible.</doc>
<status status="PASS" start="2024-03-19T14:26:24.426149" elapsed="1.577875"/>
</kw>
<kw name="Click Element" owner="AppiumLibrary">
<msg time="2024-03-19T14:26:26.007259" level="INFO">Clicking element 'xpath=//android.view.View[@content-desc="My Profile"]'.</msg>
<arg>xpath=//android.view.View[@content-desc="My Profile"]</arg>
<doc>Click element identified by `locator`.</doc>
<status status="PASS" start="2024-03-19T14:26:26.004516" elapsed="3.008931"/>
</kw>
<kw name="Sleep" owner="BuiltIn">
<msg time="2024-03-19T14:26:32.014312" level="INFO">Slept 3 seconds.</msg>
<arg>3</arg>
<doc>Pauses the test executed for the given time.</doc>
<status status="PASS" start="2024-03-19T14:26:29.013759" elapsed="3.000675"/>
</kw>
<kw name="Wait Until Element Is Visible" owner="AppiumLibrary">
<arg>xpath=//android.widget.Button[@content-desc="Sign out"]</arg>
<doc>Waits until element specified with `locator` is visible.</doc>
<status status="PASS" start="2024-03-19T14:26:32.014731" elapsed="0.098913"/>
</kw>
<kw name="Click Element" owner="AppiumLibrary">
<msg time="2024-03-19T14:26:32.116556" level="INFO">Clicking element 'xpath=//android.widget.Button[@content-desc="Sign out"]'.</msg>
<arg>xpath=//android.widget.Button[@content-desc="Sign out"]</arg>
<doc>Click element identified by `locator`.</doc>
<status status="PASS" start="2024-03-19T14:26:32.114221" elapsed="1.121801"/>
</kw>
<status status="PASS" start="2024-03-19T14:26:24.425634" elapsed="8.810743"/>
</test>
<status status="PASS" start="2024-03-19T14:26:00.947279" elapsed="32.289738"/>
</suite>
<statistics>
<total>
<stat pass="4" fail="0" skip="0">All Tests</stat>
</total>
<tag>
</tag>
<suite>
<stat pass="4" fail="0" skip="0" id="s1" name="02-Login">02-Login</stat>
</suite>
</statistics>
<errors>
</errors>
</robot>
