<?xml version="1.0" encoding="UTF-8"?>
<robot generator="Robot 7.0 (Python 3.9.10 on darwin)" generated="2024-03-19T14:45:45.862008" rpa="false" schemaversion="5">
<suite id="s1" name="03-Updateprofile" source="/Users/kawinpop/workspace/bc-app/03-Updateprofile.robot">
<test id="s1-t1" name="Open Android app" line="16">
<kw name="Open Application" owner="AppiumLibrary">
<arg>${REMOTE_URL}</arg>
<arg>platformName=${PLATFORM_NAME_ANDROID}</arg>
<arg>deviceName=${DEVICE_NAME_ANDROID}</arg>
<arg>appPackage=${appPackage}</arg>
<arg>newCommandTimeout=${newCommandTimeout}</arg>
<arg>appActivity=${appActivity}</arg>
<arg>noReset=${noReset}</arg>
<arg>automationName=${AUTOMATION_NAME}</arg>
<doc>Opens a new application to given Appium server.
Capabilities of appium server, Android and iOS,
Please check https://github.com/appium/appium/blob/master/docs/en/writing-running-appium/server-args.md
| *Option*            | *Man.* | *Description*     |
| remote_url          | Yes    | Appium server url |
| alias               | no     | alias             |</doc>
<status status="PASS" start="2024-03-19T14:45:46.030581" elapsed="12.739095"/>
</kw>
<kw name="Sleep" owner="BuiltIn">
<msg time="2024-03-19T14:46:01.772168" level="INFO">Slept 3 seconds.</msg>
<arg>3</arg>
<doc>Pauses the test executed for the given time.</doc>
<status status="PASS" start="2024-03-19T14:45:58.770150" elapsed="3.002151"/>
</kw>
<status status="PASS" start="2024-03-19T14:45:46.029687" elapsed="15.742852"/>
</test>
<test id="s1-t2" name="login" line="20">
<kw name="Wait Until Element Is Visible" owner="AppiumLibrary">
<arg>xpath=//android.widget.Button[@content-desc="Log in"]</arg>
<doc>Waits until element specified with `locator` is visible.</doc>
<status status="PASS" start="2024-03-19T14:46:01.773111" elapsed="1.131594"/>
</kw>
<kw name="Click Element" owner="AppiumLibrary">
<msg time="2024-03-19T14:46:02.906489" level="INFO">Clicking element 'xpath=//android.widget.Button[@content-desc="Log in"]'.</msg>
<arg>xpath=//android.widget.Button[@content-desc="Log in"]</arg>
<doc>Click element identified by `locator`.</doc>
<status status="PASS" start="2024-03-19T14:46:02.904956" elapsed="0.871850"/>
</kw>
<kw name="Sleep" owner="BuiltIn">
<msg time="2024-03-19T14:46:06.779322" level="INFO">Slept 3 seconds.</msg>
<arg>3</arg>
<doc>Pauses the test executed for the given time.</doc>
<status status="PASS" start="2024-03-19T14:46:03.777147" elapsed="3.002307"/>
</kw>
<kw name="Wait Until Element Is Visible" owner="AppiumLibrary">
<arg>xpath=/hierarchy/android.widget.FrameLayout/android.widget.LinearLayout/android.widget.FrameLayout/android.widget.FrameLayout/android.view.View/android.view.View/android.view.View/android.view.View[2]/android.widget.EditText</arg>
<doc>Waits until element specified with `locator` is visible.</doc>
<status status="PASS" start="2024-03-19T14:46:06.779766" elapsed="0.066012"/>
</kw>
<kw name="Input Text" owner="AppiumLibrary">
<msg time="2024-03-19T14:46:06.847534" level="INFO">Typing text '0700000001' into text field 'xpath=/hierarchy/android.widget.FrameLayout/android.widget.LinearLayout/android.widget.FrameLayout/android.widget.FrameLayout/android.view.View/android.view.View/android.view.View/android.view.View[2]/android.widget.EditText'</msg>
<arg>xpath=/hierarchy/android.widget.FrameLayout/android.widget.LinearLayout/android.widget.FrameLayout/android.widget.FrameLayout/android.view.View/android.view.View/android.view.View/android.view.View[2]/android.widget.EditText</arg>
<arg>0700000001</arg>
<doc>Types the given `text` into text field identified by `locator`.</doc>
<status status="PASS" start="2024-03-19T14:46:06.846057" elapsed="0.082618"/>
</kw>
<kw name="Sleep" owner="BuiltIn">
<msg time="2024-03-19T14:46:09.930512" level="INFO">Slept 3 seconds.</msg>
<arg>3</arg>
<doc>Pauses the test executed for the given time.</doc>
<status status="PASS" start="2024-03-19T14:46:06.929095" elapsed="3.001611"/>
</kw>
<kw name="Wait Until Element Is Visible" owner="AppiumLibrary">
<arg>xpath=/hierarchy/android.widget.FrameLayout/android.widget.LinearLayout/android.widget.FrameLayout/android.widget.FrameLayout/android.view.View/android.view.View/android.view.View/android.view.View/android.widget.EditText</arg>
<doc>Waits until element specified with `locator` is visible.</doc>
<status status="PASS" start="2024-03-19T14:46:09.931021" elapsed="0.718375"/>
</kw>
<kw name="Input Text" owner="AppiumLibrary">
<msg time="2024-03-19T14:46:10.651238" level="INFO">Typing text '123456' into text field 'xpath=/hierarchy/android.widget.FrameLayout/android.widget.LinearLayout/android.widget.FrameLayout/android.widget.FrameLayout/android.view.View/android.view.View/android.view.View/android.view.View/android.widget.EditText'</msg>
<arg>xpath=/hierarchy/android.widget.FrameLayout/android.widget.LinearLayout/android.widget.FrameLayout/android.widget.FrameLayout/android.view.View/android.view.View/android.view.View/android.view.View/android.widget.EditText</arg>
<arg>123456</arg>
<doc>Types the given `text` into text field identified by `locator`.</doc>
<status status="PASS" start="2024-03-19T14:46:10.649673" elapsed="0.867197"/>
</kw>
<kw name="Sleep" owner="BuiltIn">
<msg time="2024-03-19T14:46:14.517472" level="INFO">Slept 3 seconds.</msg>
<arg>3</arg>
<doc>Pauses the test executed for the given time.</doc>
<status status="PASS" start="2024-03-19T14:46:11.517143" elapsed="3.000479"/>
</kw>
<kw name="Click Element At Coordinates" owner="AppiumLibrary">
<msg time="2024-03-19T14:46:14.519783" level="INFO">Pressing at (973, 2234).</msg>
<arg>973</arg>
<arg>2234</arg>
<doc>click element at a certain coordinate</doc>
<status status="PASS" start="2024-03-19T14:46:14.517995" elapsed="2.574307"/>
</kw>
<status status="PASS" start="2024-03-19T14:46:01.772775" elapsed="15.319999"/>
</test>
<test id="s1-t3" name="Update Profile" line="32">
<kw name="Wait Until Element Is Visible" owner="AppiumLibrary">
<arg>xpath=//android.view.View[@content-desc="My Profile"]</arg>
<doc>Waits until element specified with `locator` is visible.</doc>
<status status="PASS" start="2024-03-19T14:46:17.093599" elapsed="0.051157"/>
</kw>
<kw name="Click Element" owner="AppiumLibrary">
<msg time="2024-03-19T14:46:17.146438" level="INFO">Clicking element 'xpath=//android.view.View[@content-desc="My Profile"]'.</msg>
<arg>xpath=//android.view.View[@content-desc="My Profile"]</arg>
<doc>Click element identified by `locator`.</doc>
<status status="PASS" start="2024-03-19T14:46:17.145004" elapsed="0.613460"/>
</kw>
<status status="PASS" start="2024-03-19T14:46:17.093118" elapsed="0.666039"/>
</test>
<test id="s1-t4" name="Edit Lastname" line="36">
<kw name="Sleep" owner="BuiltIn">
<msg time="2024-03-19T14:46:20.760529" level="INFO">Slept 3 seconds.</msg>
<arg>3</arg>
<doc>Pauses the test executed for the given time.</doc>
<status status="PASS" start="2024-03-19T14:46:17.760087" elapsed="3.000660"/>
</kw>
<kw name="Wait Until Element Is Visible" owner="AppiumLibrary">
<arg>xpath=/hierarchy/android.widget.FrameLayout/android.widget.LinearLayout/android.widget.FrameLayout/android.widget.FrameLayout/android.view.View/android.view.View/android.view.View/android.view.View[2]/android.widget.EditText[2]</arg>
<doc>Waits until element specified with `locator` is visible.</doc>
<status status="PASS" start="2024-03-19T14:46:20.761185" elapsed="0.066068"/>
</kw>
<kw name="Click Element" owner="AppiumLibrary">
<msg time="2024-03-19T14:46:20.830013" level="INFO">Clicking element 'xpath=/hierarchy/android.widget.FrameLayout/android.widget.LinearLayout/android.widget.FrameLayout/android.widget.FrameLayout/android.view.View/android.view.View/android.view.View/android.view.View[2]/android.widget.EditText[2]'.</msg>
<arg>xpath=/hierarchy/android.widget.FrameLayout/android.widget.LinearLayout/android.widget.FrameLayout/android.widget.FrameLayout/android.view.View/android.view.View/android.view.View/android.view.View[2]/android.widget.EditText[2]</arg>
<doc>Click element identified by `locator`.</doc>
<status status="PASS" start="2024-03-19T14:46:20.827876" elapsed="0.104431"/>
</kw>
<kw name="Input Text" owner="AppiumLibrary">
<msg time="2024-03-19T14:46:20.935364" level="INFO">Typing text 'testnaja' into text field 'xpath=//android.widget.EditText[2]'</msg>
<arg>xpath=//android.widget.EditText[2]</arg>
<arg>testnaja</arg>
<doc>Types the given `text` into text field identified by `locator`.</doc>
<status status="PASS" start="2024-03-19T14:46:20.932934" elapsed="1.260463"/>
</kw>
<status status="PASS" start="2024-03-19T14:46:17.759545" elapsed="4.434243"/>
</test>
<test id="s1-t5" name="Cilck Save" line="42">
<kw name="Sleep" owner="BuiltIn">
<msg time="2024-03-19T14:46:25.195051" level="INFO">Slept 3 seconds.</msg>
<arg>3</arg>
<doc>Pauses the test executed for the given time.</doc>
<status status="PASS" start="2024-03-19T14:46:22.194619" elapsed="3.000584"/>
</kw>
<kw name="Wait Until Element Is Visible" owner="AppiumLibrary">
<arg>xpath=//android.widget.Button[@content-desc="Save"]</arg>
<doc>Waits until element specified with `locator` is visible.</doc>
<status status="PASS" start="2024-03-19T14:46:25.195523" elapsed="0.277504"/>
</kw>
<kw name="Click Element" owner="AppiumLibrary">
<msg time="2024-03-19T14:46:25.476621" level="INFO">Clicking element 'xpath=//android.widget.Button[@content-desc="Save"]'.</msg>
<arg>xpath=//android.widget.Button[@content-desc="Save"]</arg>
<doc>Click element identified by `locator`.</doc>
<status status="PASS" start="2024-03-19T14:46:25.473532" elapsed="0.422697"/>
</kw>
<status status="PASS" start="2024-03-19T14:46:22.194103" elapsed="3.702552"/>
</test>
<test id="s1-t6" name="logout" line="47">
<kw name="Wait Until Element Is Visible" owner="AppiumLibrary">
<arg>xpath=//android.view.View[@content-desc="My Profile"]</arg>
<doc>Waits until element specified with `locator` is visible.</doc>
<status status="PASS" start="2024-03-19T14:46:25.897633" elapsed="3.821569"/>
</kw>
<kw name="Click Element" owner="AppiumLibrary">
<msg time="2024-03-19T14:46:29.721221" level="INFO">Clicking element 'xpath=//android.view.View[@content-desc="My Profile"]'.</msg>
<arg>xpath=//android.view.View[@content-desc="My Profile"]</arg>
<doc>Click element identified by `locator`.</doc>
<status status="PASS" start="2024-03-19T14:46:29.719483" elapsed="0.914238"/>
</kw>
<kw name="Sleep" owner="BuiltIn">
<msg time="2024-03-19T14:46:33.634480" level="INFO">Slept 3 seconds.</msg>
<arg>3</arg>
<doc>Pauses the test executed for the given time.</doc>
<status status="PASS" start="2024-03-19T14:46:30.634064" elapsed="3.000535"/>
</kw>
<kw name="Wait Until Element Is Visible" owner="AppiumLibrary">
<arg>xpath=//android.widget.Button[@content-desc="Sign out"]</arg>
<doc>Waits until element specified with `locator` is visible.</doc>
<status status="PASS" start="2024-03-19T14:46:33.634850" elapsed="0.063245"/>
</kw>
<kw name="Click Element" owner="AppiumLibrary">
<msg time="2024-03-19T14:46:33.700037" level="INFO">Clicking element 'xpath=//android.widget.Button[@content-desc="Sign out"]'.</msg>
<arg>xpath=//android.widget.Button[@content-desc="Sign out"]</arg>
<doc>Click element identified by `locator`.</doc>
<status status="PASS" start="2024-03-19T14:46:33.698370" elapsed="0.934192"/>
</kw>
<kw name="Sleep" owner="BuiltIn">
<msg time="2024-03-19T14:46:37.633427" level="INFO">Slept 3 seconds.</msg>
<arg>3</arg>
<doc>Pauses the test executed for the given time.</doc>
<status status="PASS" start="2024-03-19T14:46:34.632910" elapsed="3.000657"/>
</kw>
<kw name="Close Application" owner="AppiumLibrary">
<doc>Closes the current application and also close webdriver session.</doc>
<status status="PASS" start="2024-03-19T14:46:37.633869" elapsed="0.564196"/>
</kw>
<status status="PASS" start="2024-03-19T14:46:25.897100" elapsed="12.301364"/>
</test>
<status status="PASS" start="2024-03-19T14:45:45.863878" elapsed="52.335241"/>
</suite>
<statistics>
<total>
<stat pass="6" fail="0" skip="0">All Tests</stat>
</total>
<tag>
</tag>
<suite>
<stat pass="6" fail="0" skip="0" id="s1" name="03-Updateprofile">03-Updateprofile</stat>
</suite>
</statistics>
<errors>
</errors>
</robot>
