<?xml version="1.0" encoding="UTF-8"?>
<robot generator="Robot 7.0 (Python 3.9.10 on darwin)" generated="2024-03-19T18:22:21.484909" rpa="false" schemaversion="5">
<suite id="s1" name="11-ChangelanguagetoEN" source="/Users/kawinpop/workspace/bc-app/11-ChangelanguagetoEN.robot">
<test id="s1-t1" name="Open Android app" line="16">
<kw name="Open Application" owner="AppiumLibrary">
<arg>${REMOTE_URL}</arg>
<arg>platformName=${PLATFORM_NAME_ANDROID}</arg>
<arg>deviceName=${DEVICE_NAME_ANDROID}</arg>
<arg>appPackage=${appPackage}</arg>
<arg>newCommandTimeout=${newCommandTimeout}</arg>
<arg>appActivity=${appActivity}</arg>
<arg>noReset=${noReset}</arg>
<arg>automationName=${AUTOMATION_NAME}</arg>
<doc>Opens a new application to given Appium server.
Capabilities of appium server, Android and iOS,
Please check https://github.com/appium/appium/blob/master/docs/en/writing-running-appium/server-args.md
| *Option*            | *Man.* | *Description*     |
| remote_url          | Yes    | Appium server url |
| alias               | no     | alias             |</doc>
<status status="PASS" start="2024-03-19T18:22:21.597985" elapsed="6.824662"/>
</kw>
<kw name="Sleep" owner="BuiltIn">
<msg time="2024-03-19T18:22:31.424569" level="INFO">Slept 3 seconds.</msg>
<arg>3</arg>
<doc>Pauses the test executed for the given time.</doc>
<status status="PASS" start="2024-03-19T18:22:28.423149" elapsed="3.001538"/>
</kw>
<status status="PASS" start="2024-03-19T18:22:21.597198" elapsed="9.827730"/>
</test>
<test id="s1-t2" name="login" line="20">
<kw name="Wait Until Element Is Visible" owner="AppiumLibrary">
<arg>xpath=//android.widget.Button[@content-desc="Log in"]</arg>
<doc>Waits until element specified with `locator` is visible.</doc>
<status status="PASS" start="2024-03-19T18:22:31.425515" elapsed="0.926452"/>
</kw>
<kw name="Click Element" owner="AppiumLibrary">
<msg time="2024-03-19T18:22:32.353497" level="INFO">Clicking element 'xpath=//android.widget.Button[@content-desc="Log in"]'.</msg>
<arg>xpath=//android.widget.Button[@content-desc="Log in"]</arg>
<doc>Click element identified by `locator`.</doc>
<status status="PASS" start="2024-03-19T18:22:32.352203" elapsed="1.104147"/>
</kw>
<kw name="Sleep" owner="BuiltIn">
<msg time="2024-03-19T18:22:36.457403" level="INFO">Slept 3 seconds.</msg>
<arg>3</arg>
<doc>Pauses the test executed for the given time.</doc>
<status status="PASS" start="2024-03-19T18:22:33.456670" elapsed="3.000860"/>
</kw>
<kw name="Wait Until Element Is Visible" owner="AppiumLibrary">
<arg>xpath=/hierarchy/android.widget.FrameLayout/android.widget.LinearLayout/android.widget.FrameLayout/android.widget.FrameLayout/android.view.View/android.view.View/android.view.View/android.view.View[2]/android.widget.EditText</arg>
<doc>Waits until element specified with `locator` is visible.</doc>
<status status="PASS" start="2024-03-19T18:22:36.457872" elapsed="0.082105"/>
</kw>
<kw name="Input Text" owner="AppiumLibrary">
<msg time="2024-03-19T18:22:36.542016" level="INFO">Typing text '0700000001' into text field 'xpath=/hierarchy/android.widget.FrameLayout/android.widget.LinearLayout/android.widget.FrameLayout/android.widget.FrameLayout/android.view.View/android.view.View/android.view.View/android.view.View[2]/android.widget.EditText'</msg>
<arg>xpath=/hierarchy/android.widget.FrameLayout/android.widget.LinearLayout/android.widget.FrameLayout/android.widget.FrameLayout/android.view.View/android.view.View/android.view.View/android.view.View[2]/android.widget.EditText</arg>
<arg>0700000001</arg>
<doc>Types the given `text` into text field identified by `locator`.</doc>
<status status="PASS" start="2024-03-19T18:22:36.540287" elapsed="0.088090"/>
</kw>
<kw name="Sleep" owner="BuiltIn">
<msg time="2024-03-19T18:22:39.629800" level="INFO">Slept 3 seconds.</msg>
<arg>3</arg>
<doc>Pauses the test executed for the given time.</doc>
<status status="PASS" start="2024-03-19T18:22:36.628865" elapsed="3.001068"/>
</kw>
<kw name="Wait Until Element Is Visible" owner="AppiumLibrary">
<arg>xpath=/hierarchy/android.widget.FrameLayout/android.widget.LinearLayout/android.widget.FrameLayout/android.widget.FrameLayout/android.view.View/android.view.View/android.view.View/android.view.View/android.widget.EditText</arg>
<doc>Waits until element specified with `locator` is visible.</doc>
<status status="PASS" start="2024-03-19T18:22:39.630246" elapsed="0.751307"/>
</kw>
<kw name="Input Text" owner="AppiumLibrary">
<msg time="2024-03-19T18:22:40.383275" level="INFO">Typing text '123456' into text field 'xpath=/hierarchy/android.widget.FrameLayout/android.widget.LinearLayout/android.widget.FrameLayout/android.widget.FrameLayout/android.view.View/android.view.View/android.view.View/android.view.View/android.widget.EditText'</msg>
<arg>xpath=/hierarchy/android.widget.FrameLayout/android.widget.LinearLayout/android.widget.FrameLayout/android.widget.FrameLayout/android.view.View/android.view.View/android.view.View/android.view.View/android.widget.EditText</arg>
<arg>123456</arg>
<doc>Types the given `text` into text field identified by `locator`.</doc>
<status status="PASS" start="2024-03-19T18:22:40.381805" elapsed="0.083687"/>
</kw>
<kw name="Sleep" owner="BuiltIn">
<msg time="2024-03-19T18:22:43.466155" level="INFO">Slept 3 seconds.</msg>
<arg>3</arg>
<doc>Pauses the test executed for the given time.</doc>
<status status="PASS" start="2024-03-19T18:22:40.465771" elapsed="3.000519"/>
</kw>
<kw name="Click Element At Coordinates" owner="AppiumLibrary">
<msg time="2024-03-19T18:22:43.468329" level="INFO">Pressing at (973, 2234).</msg>
<arg>973</arg>
<arg>2234</arg>
<doc>click element at a certain coordinate</doc>
<status status="PASS" start="2024-03-19T18:22:43.466561" elapsed="2.320876"/>
</kw>
<status status="PASS" start="2024-03-19T18:22:31.425176" elapsed="14.362660"/>
</test>
<test id="s1-t3" name="Change language to EN" line="32">
<kw name="Wait Until Element Is Visible" owner="AppiumLibrary">
<arg>xpath=//android.view.View[@content-desc="Languages"]</arg>
<doc>Waits until element specified with `locator` is visible.</doc>
<status status="PASS" start="2024-03-19T18:22:45.788744" elapsed="0.052645"/>
</kw>
<kw name="Click Element" owner="AppiumLibrary">
<msg time="2024-03-19T18:22:45.842946" level="INFO">Clicking element 'xpath=//android.view.View[@content-desc="Languages"]'.</msg>
<arg>xpath=//android.view.View[@content-desc="Languages"]</arg>
<doc>Click element identified by `locator`.</doc>
<status status="PASS" start="2024-03-19T18:22:45.841618" elapsed="0.076000"/>
</kw>
<kw name="Sleep" owner="BuiltIn">
<msg time="2024-03-19T18:22:48.918594" level="INFO">Slept 3 seconds.</msg>
<arg>3</arg>
<doc>Pauses the test executed for the given time.</doc>
<status status="PASS" start="2024-03-19T18:22:45.918028" elapsed="3.000741"/>
</kw>
<kw name="Wait Until Element Is Visible" owner="AppiumLibrary">
<arg>accessibility_id=English</arg>
<doc>Waits until element specified with `locator` is visible.</doc>
<status status="PASS" start="2024-03-19T18:22:48.919096" elapsed="0.031318"/>
</kw>
<kw name="Click Element" owner="AppiumLibrary">
<msg time="2024-03-19T18:22:48.952297" level="INFO">Clicking element 'accessibility_id=English'.</msg>
<arg>accessibility_id=English</arg>
<doc>Click element identified by `locator`.</doc>
<status status="PASS" start="2024-03-19T18:22:48.950702" elapsed="2.118730"/>
</kw>
<status status="PASS" start="2024-03-19T18:22:45.788258" elapsed="5.281501"/>
</test>
<test id="s1-t4" name="logout" line="39">
<kw name="Wait Until Element Is Visible" owner="AppiumLibrary">
<arg>xpath=//android.view.View[@content-desc="My Profile"]</arg>
<doc>Waits until element specified with `locator` is visible.</doc>
<status status="PASS" start="2024-03-19T18:22:51.070574" elapsed="0.051132"/>
</kw>
<kw name="Click Element" owner="AppiumLibrary">
<msg time="2024-03-19T18:22:51.123386" level="INFO">Clicking element 'xpath=//android.view.View[@content-desc="My Profile"]'.</msg>
<arg>xpath=//android.view.View[@content-desc="My Profile"]</arg>
<doc>Click element identified by `locator`.</doc>
<status status="PASS" start="2024-03-19T18:22:51.121958" elapsed="1.126545"/>
</kw>
<kw name="Sleep" owner="BuiltIn">
<msg time="2024-03-19T18:22:55.249267" level="INFO">Slept 3 seconds.</msg>
<arg>3</arg>
<doc>Pauses the test executed for the given time.</doc>
<status status="PASS" start="2024-03-19T18:22:52.248754" elapsed="3.000633"/>
</kw>
<kw name="Wait Until Element Is Visible" owner="AppiumLibrary">
<arg>xpath=//android.widget.Button[@content-desc="Sign out"]</arg>
<doc>Waits until element specified with `locator` is visible.</doc>
<status status="PASS" start="2024-03-19T18:22:55.249650" elapsed="0.175903"/>
</kw>
<kw name="Click Element" owner="AppiumLibrary">
<msg time="2024-03-19T18:22:55.428022" level="INFO">Clicking element 'xpath=//android.widget.Button[@content-desc="Sign out"]'.</msg>
<arg>xpath=//android.widget.Button[@content-desc="Sign out"]</arg>
<doc>Click element identified by `locator`.</doc>
<status status="PASS" start="2024-03-19T18:22:55.425872" elapsed="0.312638"/>
</kw>
<kw name="Sleep" owner="BuiltIn">
<msg time="2024-03-19T18:22:58.742101" level="INFO">Slept 3 seconds.</msg>
<arg>3</arg>
<doc>Pauses the test executed for the given time.</doc>
<status status="PASS" start="2024-03-19T18:22:55.739100" elapsed="3.003244"/>
</kw>
<kw name="Close Application" owner="AppiumLibrary">
<doc>Closes the current application and also close webdriver session.</doc>
<status status="PASS" start="2024-03-19T18:22:58.742877" elapsed="0.374248"/>
</kw>
<status status="PASS" start="2024-03-19T18:22:51.070094" elapsed="8.047485"/>
</test>
<status status="PASS" start="2024-03-19T18:22:21.486193" elapsed="37.632255"/>
</suite>
<statistics>
<total>
<stat pass="4" fail="0" skip="0">All Tests</stat>
</total>
<tag>
</tag>
<suite>
<stat pass="4" fail="0" skip="0" id="s1" name="11-ChangelanguagetoEN">11-ChangelanguagetoEN</stat>
</suite>
</statistics>
<errors>
</errors>
</robot>
