<?xml version="1.0" encoding="UTF-8"?>
<robot generator="Robot 7.0 (Python 3.9.10 on darwin)" generated="2024-03-19T18:07:17.920067" rpa="false" schemaversion="5">
<suite id="s1" name="10-Setdefaultpayment" source="/Users/kawinpop/workspace/bc-app/10-Setdefaultpayment.robot">
<test id="s1-t1" name="Open Android app" line="16">
<kw name="Open Application" owner="AppiumLibrary">
<arg>${REMOTE_URL}</arg>
<arg>platformName=${PLATFORM_NAME_ANDROID}</arg>
<arg>deviceName=${DEVICE_NAME_ANDROID}</arg>
<arg>appPackage=${appPackage}</arg>
<arg>newCommandTimeout=${newCommandTimeout}</arg>
<arg>appActivity=${appActivity}</arg>
<arg>noReset=${noReset}</arg>
<arg>automationName=${AUTOMATION_NAME}</arg>
<doc>Opens a new application to given Appium server.
Capabilities of appium server, Android and iOS,
Please check https://github.com/appium/appium/blob/master/docs/en/writing-running-appium/server-args.md
| *Option*            | *Man.* | *Description*     |
| remote_url          | Yes    | Appium server url |
| alias               | no     | alias             |</doc>
<status status="PASS" start="2024-03-19T18:07:18.124049" elapsed="6.434530"/>
</kw>
<kw name="Sleep" owner="BuiltIn">
<msg time="2024-03-19T18:07:27.559495" level="INFO">Slept 3 seconds.</msg>
<arg>3</arg>
<doc>Pauses the test executed for the given time.</doc>
<status status="PASS" start="2024-03-19T18:07:24.559114" elapsed="3.000500"/>
</kw>
<status status="PASS" start="2024-03-19T18:07:18.123236" elapsed="9.436642"/>
</test>
<test id="s1-t2" name="login" line="20">
<kw name="Wait Until Element Is Visible" owner="AppiumLibrary">
<arg>xpath=//android.widget.Button[@content-desc="Log in"]</arg>
<doc>Waits until element specified with `locator` is visible.</doc>
<status status="PASS" start="2024-03-19T18:07:27.560469" elapsed="0.678291"/>
</kw>
<kw name="Click Element" owner="AppiumLibrary">
<msg time="2024-03-19T18:07:28.240440" level="INFO">Clicking element 'xpath=//android.widget.Button[@content-desc="Log in"]'.</msg>
<arg>xpath=//android.widget.Button[@content-desc="Log in"]</arg>
<doc>Click element identified by `locator`.</doc>
<status status="PASS" start="2024-03-19T18:07:28.239040" elapsed="1.118846"/>
</kw>
<kw name="Sleep" owner="BuiltIn">
<msg time="2024-03-19T18:07:32.359334" level="INFO">Slept 3 seconds.</msg>
<arg>3</arg>
<doc>Pauses the test executed for the given time.</doc>
<status status="PASS" start="2024-03-19T18:07:29.358152" elapsed="3.001362"/>
</kw>
<kw name="Wait Until Element Is Visible" owner="AppiumLibrary">
<arg>xpath=/hierarchy/android.widget.FrameLayout/android.widget.LinearLayout/android.widget.FrameLayout/android.widget.FrameLayout/android.view.View/android.view.View/android.view.View/android.view.View[2]/android.widget.EditText</arg>
<doc>Waits until element specified with `locator` is visible.</doc>
<status status="PASS" start="2024-03-19T18:07:32.359798" elapsed="0.082060"/>
</kw>
<kw name="Input Text" owner="AppiumLibrary">
<msg time="2024-03-19T18:07:32.443873" level="INFO">Typing text '0700000001' into text field 'xpath=/hierarchy/android.widget.FrameLayout/android.widget.LinearLayout/android.widget.FrameLayout/android.widget.FrameLayout/android.view.View/android.view.View/android.view.View/android.view.View[2]/android.widget.EditText'</msg>
<arg>xpath=/hierarchy/android.widget.FrameLayout/android.widget.LinearLayout/android.widget.FrameLayout/android.widget.FrameLayout/android.view.View/android.view.View/android.view.View/android.view.View[2]/android.widget.EditText</arg>
<arg>0700000001</arg>
<doc>Types the given `text` into text field identified by `locator`.</doc>
<status status="PASS" start="2024-03-19T18:07:32.442173" elapsed="0.070385"/>
</kw>
<kw name="Sleep" owner="BuiltIn">
<msg time="2024-03-19T18:07:35.513333" level="INFO">Slept 3 seconds.</msg>
<arg>3</arg>
<doc>Pauses the test executed for the given time.</doc>
<status status="PASS" start="2024-03-19T18:07:32.513018" elapsed="3.000428"/>
</kw>
<kw name="Wait Until Element Is Visible" owner="AppiumLibrary">
<arg>xpath=/hierarchy/android.widget.FrameLayout/android.widget.LinearLayout/android.widget.FrameLayout/android.widget.FrameLayout/android.view.View/android.view.View/android.view.View/android.view.View/android.widget.EditText</arg>
<doc>Waits until element specified with `locator` is visible.</doc>
<status status="PASS" start="2024-03-19T18:07:35.513706" elapsed="0.751872"/>
</kw>
<kw name="Input Text" owner="AppiumLibrary">
<msg time="2024-03-19T18:07:36.267529" level="INFO">Typing text '123456' into text field 'xpath=/hierarchy/android.widget.FrameLayout/android.widget.LinearLayout/android.widget.FrameLayout/android.widget.FrameLayout/android.view.View/android.view.View/android.view.View/android.view.View/android.widget.EditText'</msg>
<arg>xpath=/hierarchy/android.widget.FrameLayout/android.widget.LinearLayout/android.widget.FrameLayout/android.widget.FrameLayout/android.view.View/android.view.View/android.view.View/android.view.View/android.widget.EditText</arg>
<arg>123456</arg>
<doc>Types the given `text` into text field identified by `locator`.</doc>
<status status="PASS" start="2024-03-19T18:07:36.265911" elapsed="0.864271"/>
</kw>
<kw name="Sleep" owner="BuiltIn">
<msg time="2024-03-19T18:07:40.132137" level="INFO">Slept 3 seconds.</msg>
<arg>3</arg>
<doc>Pauses the test executed for the given time.</doc>
<status status="PASS" start="2024-03-19T18:07:37.130525" elapsed="3.001738"/>
</kw>
<kw name="Click Element At Coordinates" owner="AppiumLibrary">
<msg time="2024-03-19T18:07:40.134127" level="INFO">Pressing at (973, 2234).</msg>
<arg>973</arg>
<arg>2234</arg>
<doc>click element at a certain coordinate</doc>
<status status="PASS" start="2024-03-19T18:07:40.132559" elapsed="0.667429"/>
</kw>
<status status="PASS" start="2024-03-19T18:07:27.560131" elapsed="13.240304"/>
</test>
<test id="s1-t3" name="Payment" line="32">
<kw name="Wait Until Element Is Visible" owner="AppiumLibrary">
<arg>xpath=//android.view.View[@content-desc="Payment"]</arg>
<doc>Waits until element specified with `locator` is visible.</doc>
<status status="PASS" start="2024-03-19T18:07:40.801640" elapsed="1.597921"/>
</kw>
<kw name="Click Element" owner="AppiumLibrary">
<msg time="2024-03-19T18:07:42.401142" level="INFO">Clicking element 'xpath=//android.view.View[@content-desc="Payment"]'.</msg>
<arg>xpath=//android.view.View[@content-desc="Payment"]</arg>
<doc>Click element identified by `locator`.</doc>
<status status="PASS" start="2024-03-19T18:07:42.399802" elapsed="1.028961"/>
</kw>
<status status="PASS" start="2024-03-19T18:07:40.800973" elapsed="2.628123"/>
</test>
<test id="s1-t4" name="Set default payment" line="36">
<kw name="Sleep" owner="BuiltIn">
<msg time="2024-03-19T18:07:46.431072" level="INFO">Slept 3 seconds.</msg>
<arg>3</arg>
<doc>Pauses the test executed for the given time.</doc>
<status status="PASS" start="2024-03-19T18:07:43.429980" elapsed="3.001348"/>
</kw>
<kw name="Click Element At Coordinates" owner="AppiumLibrary">
<msg time="2024-03-19T18:07:46.434788" level="INFO">Pressing at (503, 638).</msg>
<arg>503</arg>
<arg>638</arg>
<doc>click element at a certain coordinate</doc>
<status status="PASS" start="2024-03-19T18:07:46.431902" elapsed="0.141478"/>
</kw>
<status status="PASS" start="2024-03-19T18:07:43.429441" elapsed="3.144223"/>
</test>
<test id="s1-t5" name="Click back" line="40">
<kw name="Sleep" owner="BuiltIn">
<msg time="2024-03-19T18:07:49.574955" level="INFO">Slept 3 seconds.</msg>
<arg>3</arg>
<doc>Pauses the test executed for the given time.</doc>
<status status="PASS" start="2024-03-19T18:07:46.574334" elapsed="3.000865"/>
</kw>
<kw name="Wait Until Element Is Visible" owner="AppiumLibrary">
<arg>xpath=//android.widget.Button[@content-desc="Back"]</arg>
<doc>Waits until element specified with `locator` is visible.</doc>
<status status="PASS" start="2024-03-19T18:07:49.575772" elapsed="0.048295"/>
</kw>
<kw name="Click Element" owner="AppiumLibrary">
<msg time="2024-03-19T18:07:49.625721" level="INFO">Clicking element 'xpath=//android.widget.Button[@content-desc="Back"]'.</msg>
<arg>xpath=//android.widget.Button[@content-desc="Back"]</arg>
<doc>Click element identified by `locator`.</doc>
<status status="PASS" start="2024-03-19T18:07:49.624309" elapsed="0.900615"/>
</kw>
<status status="PASS" start="2024-03-19T18:07:46.573940" elapsed="3.951413"/>
</test>
<test id="s1-t6" name="logout" line="45">
<kw name="Wait Until Element Is Visible" owner="AppiumLibrary">
<arg>xpath=//android.view.View[@content-desc="My Profile"]</arg>
<doc>Waits until element specified with `locator` is visible.</doc>
<status status="PASS" start="2024-03-19T18:07:50.526131" elapsed="0.048703"/>
</kw>
<kw name="Click Element" owner="AppiumLibrary">
<msg time="2024-03-19T18:07:50.576527" level="INFO">Clicking element 'xpath=//android.view.View[@content-desc="My Profile"]'.</msg>
<arg>xpath=//android.view.View[@content-desc="My Profile"]</arg>
<doc>Click element identified by `locator`.</doc>
<status status="PASS" start="2024-03-19T18:07:50.575076" elapsed="0.631066"/>
</kw>
<kw name="Sleep" owner="BuiltIn">
<msg time="2024-03-19T18:07:54.206741" level="INFO">Slept 3 seconds.</msg>
<arg>3</arg>
<doc>Pauses the test executed for the given time.</doc>
<status status="PASS" start="2024-03-19T18:07:51.206435" elapsed="3.000467"/>
</kw>
<kw name="Wait Until Element Is Visible" owner="AppiumLibrary">
<arg>xpath=//android.widget.Button[@content-desc="Sign out"]</arg>
<doc>Waits until element specified with `locator` is visible.</doc>
<status status="PASS" start="2024-03-19T18:07:54.207250" elapsed="0.277142"/>
</kw>
<kw name="Click Element" owner="AppiumLibrary">
<msg time="2024-03-19T18:07:54.487092" level="INFO">Clicking element 'xpath=//android.widget.Button[@content-desc="Sign out"]'.</msg>
<arg>xpath=//android.widget.Button[@content-desc="Sign out"]</arg>
<doc>Click element identified by `locator`.</doc>
<status status="PASS" start="2024-03-19T18:07:54.484774" elapsed="0.364583"/>
</kw>
<kw name="Sleep" owner="BuiltIn">
<msg time="2024-03-19T18:07:57.851415" level="INFO">Slept 3 seconds.</msg>
<arg>3</arg>
<doc>Pauses the test executed for the given time.</doc>
<status status="PASS" start="2024-03-19T18:07:54.849814" elapsed="3.001846"/>
</kw>
<kw name="Close Application" owner="AppiumLibrary">
<doc>Closes the current application and also close webdriver session.</doc>
<status status="PASS" start="2024-03-19T18:07:57.852270" elapsed="0.375103"/>
</kw>
<status status="PASS" start="2024-03-19T18:07:50.525721" elapsed="7.702079"/>
</test>
<status status="PASS" start="2024-03-19T18:07:17.921804" elapsed="40.306938"/>
</suite>
<statistics>
<total>
<stat pass="6" fail="0" skip="0">All Tests</stat>
</total>
<tag>
</tag>
<suite>
<stat pass="6" fail="0" skip="0" id="s1" name="10-Setdefaultpayment">10-Setdefaultpayment</stat>
</suite>
</statistics>
<errors>
</errors>
</robot>
