<?xml version="1.0" encoding="UTF-8"?>
<robot generator="Robot 7.0 (Python 3.9.10 on darwin)" generated="2024-03-22T14:23:39.682661" rpa="false" schemaversion="5">
<suite id="s1" name="15-BC DeliveryASAPTMN" source="/Users/kawinpop/workspace/bc-app/15-BC_DeliveryASAPTMN.robot">
<test id="s1-t1" name="Open Android app" line="16">
<kw name="Open Application" owner="AppiumLibrary">
<arg>${REMOTE_URL}</arg>
<arg>platformName=${PLATFORM_NAME_ANDROID}</arg>
<arg>deviceName=${DEVICE_NAME_ANDROID}</arg>
<arg>appPackage=${appPackage}</arg>
<arg>newCommandTimeout=${newCommandTimeout}</arg>
<arg>appActivity=${appActivity}</arg>
<arg>noReset=${noReset}</arg>
<arg>automationName=${AUTOMATION_NAME}</arg>
<doc>Opens a new application to given Appium server.
Capabilities of appium server, Android and iOS,
Please check https://github.com/appium/appium/blob/master/docs/en/writing-running-appium/server-args.md
| *Option*            | *Man.* | *Description*     |
| remote_url          | Yes    | Appium server url |
| alias               | no     | alias             |</doc>
<status status="PASS" start="2024-03-22T14:23:39.848457" elapsed="6.676288"/>
</kw>
<kw name="Sleep" owner="BuiltIn">
<msg time="2024-03-22T14:23:49.527111" level="INFO">Slept 3 seconds.</msg>
<arg>3</arg>
<doc>Pauses the test executed for the given time.</doc>
<status status="PASS" start="2024-03-22T14:23:46.525286" elapsed="3.001950"/>
</kw>
<status status="PASS" start="2024-03-22T14:23:39.847637" elapsed="9.679881"/>
</test>
<test id="s1-t2" name="login" line="20">
<kw name="Wait Until Element Is Visible" owner="AppiumLibrary">
<arg>xpath=//android.widget.Button[@content-desc="Log in"]</arg>
<doc>Waits until element specified with `locator` is visible.</doc>
<status status="PASS" start="2024-03-22T14:23:49.528206" elapsed="0.685055"/>
</kw>
<kw name="Click Element" owner="AppiumLibrary">
<msg time="2024-03-22T14:23:50.214794" level="INFO">Clicking element 'xpath=//android.widget.Button[@content-desc="Log in"]'.</msg>
<arg>xpath=//android.widget.Button[@content-desc="Log in"]</arg>
<doc>Click element identified by `locator`.</doc>
<status status="PASS" start="2024-03-22T14:23:50.213491" elapsed="0.169513"/>
</kw>
<kw name="Sleep" owner="BuiltIn">
<msg time="2024-03-22T14:23:53.383840" level="INFO">Slept 3 seconds.</msg>
<arg>3</arg>
<doc>Pauses the test executed for the given time.</doc>
<status status="PASS" start="2024-03-22T14:23:50.383420" elapsed="3.000557"/>
</kw>
<kw name="Wait Until Element Is Visible" owner="AppiumLibrary">
<arg>xpath=/hierarchy/android.widget.FrameLayout/android.widget.LinearLayout/android.widget.FrameLayout/android.widget.FrameLayout/android.view.View/android.view.View/android.view.View/android.view.View[2]/android.widget.EditText</arg>
<doc>Waits until element specified with `locator` is visible.</doc>
<status status="PASS" start="2024-03-22T14:23:53.384277" elapsed="0.599273"/>
</kw>
<kw name="Input Text" owner="AppiumLibrary">
<msg time="2024-03-22T14:23:53.987278" level="INFO">Typing text '0700000001' into text field 'xpath=/hierarchy/android.widget.FrameLayout/android.widget.LinearLayout/android.widget.FrameLayout/android.widget.FrameLayout/android.view.View/android.view.View/android.view.View/android.view.View[2]/android.widget.EditText'</msg>
<arg>xpath=/hierarchy/android.widget.FrameLayout/android.widget.LinearLayout/android.widget.FrameLayout/android.widget.FrameLayout/android.view.View/android.view.View/android.view.View/android.view.View[2]/android.widget.EditText</arg>
<arg>0700000001</arg>
<doc>Types the given `text` into text field identified by `locator`.</doc>
<status status="PASS" start="2024-03-22T14:23:53.984092" elapsed="0.613536"/>
</kw>
<kw name="Sleep" owner="BuiltIn">
<msg time="2024-03-22T14:23:57.598990" level="INFO">Slept 3 seconds.</msg>
<arg>3</arg>
<doc>Pauses the test executed for the given time.</doc>
<status status="PASS" start="2024-03-22T14:23:54.598312" elapsed="3.000876"/>
</kw>
<kw name="Wait Until Element Is Visible" owner="AppiumLibrary">
<arg>xpath=/hierarchy/android.widget.FrameLayout/android.widget.LinearLayout/android.widget.FrameLayout/android.widget.FrameLayout/android.view.View/android.view.View/android.view.View/android.view.View/android.widget.EditText</arg>
<doc>Waits until element specified with `locator` is visible.</doc>
<status status="PASS" start="2024-03-22T14:23:57.599505" elapsed="0.114546"/>
</kw>
<kw name="Input Text" owner="AppiumLibrary">
<msg time="2024-03-22T14:23:57.716410" level="INFO">Typing text '123456' into text field 'xpath=/hierarchy/android.widget.FrameLayout/android.widget.LinearLayout/android.widget.FrameLayout/android.widget.FrameLayout/android.view.View/android.view.View/android.view.View/android.view.View/android.widget.EditText'</msg>
<arg>xpath=/hierarchy/android.widget.FrameLayout/android.widget.LinearLayout/android.widget.FrameLayout/android.widget.FrameLayout/android.view.View/android.view.View/android.view.View/android.view.View/android.widget.EditText</arg>
<arg>123456</arg>
<doc>Types the given `text` into text field identified by `locator`.</doc>
<status status="PASS" start="2024-03-22T14:23:57.714316" elapsed="0.687961"/>
</kw>
<status status="PASS" start="2024-03-22T14:23:49.527811" elapsed="8.874822"/>
</test>
<test id="s1-t3" name="Select Menu" line="30">
<kw name="Sleep" owner="BuiltIn">
<msg time="2024-03-22T14:24:01.403893" level="INFO">Slept 3 seconds.</msg>
<arg>3</arg>
<doc>Pauses the test executed for the given time.</doc>
<status status="PASS" start="2024-03-22T14:23:58.403612" elapsed="3.000446"/>
</kw>
<kw name="Swipe" owner="AppiumLibrary">
<arg>start_x=563</arg>
<arg>start_y=1567</arg>
<arg>offset_x=528</arg>
<arg>offset_y=637</arg>
<doc>Swipe from one point to another point, for an optional duration.</doc>
<status status="PASS" start="2024-03-22T14:24:01.404430" elapsed="1.044022"/>
</kw>
<kw name="Sleep" owner="BuiltIn">
<msg time="2024-03-22T14:24:05.450002" level="INFO">Slept 3 seconds.</msg>
<arg>3</arg>
<doc>Pauses the test executed for the given time.</doc>
<status status="PASS" start="2024-03-22T14:24:02.448721" elapsed="3.001442"/>
</kw>
<status status="PASS" start="2024-03-22T14:23:58.403210" elapsed="7.047265"/>
</test>
<test id="s1-t4" name="PROMOTION" line="34">
<kw name="Wait Until Element Is Visible" owner="AppiumLibrary">
<arg>accessibility_id=PROMOTION</arg>
<doc>Waits until element specified with `locator` is visible.</doc>
<status status="PASS" start="2024-03-22T14:24:05.451166" elapsed="1.378008"/>
</kw>
<kw name="Click Element" owner="AppiumLibrary">
<msg time="2024-03-22T14:24:06.831133" level="INFO">Clicking element 'accessibility_id=PROMOTION'.</msg>
<arg>accessibility_id=PROMOTION</arg>
<doc>Click element identified by `locator`.</doc>
<status status="PASS" start="2024-03-22T14:24:06.829474" elapsed="1.037129"/>
</kw>
<kw name="Sleep" owner="BuiltIn">
<msg time="2024-03-22T14:24:10.867280" level="INFO">Slept 3 seconds.</msg>
<arg>3</arg>
<doc>Pauses the test executed for the given time.</doc>
<status status="PASS" start="2024-03-22T14:24:07.866917" elapsed="3.000545"/>
</kw>
<kw name="Wait Until Element Is Visible" owner="AppiumLibrary">
<arg>accessibility_id=Select</arg>
<doc>Waits until element specified with `locator` is visible.</doc>
<status status="PASS" start="2024-03-22T14:24:10.867871" elapsed="0.047255"/>
</kw>
<kw name="Click Element" owner="AppiumLibrary">
<msg time="2024-03-22T14:24:10.916766" level="INFO">Clicking element 'accessibility_id=Select'.</msg>
<arg>accessibility_id=Select</arg>
<doc>Click element identified by `locator`.</doc>
<status status="PASS" start="2024-03-22T14:24:10.915370" elapsed="1.193118"/>
</kw>
<kw name="Sleep" owner="BuiltIn">
<msg time="2024-03-22T14:24:15.109223" level="INFO">Slept 3 seconds.</msg>
<arg>3</arg>
<doc>Pauses the test executed for the given time.</doc>
<status status="PASS" start="2024-03-22T14:24:12.108808" elapsed="3.000656"/>
</kw>
<kw name="Wait Until Element Is Visible" owner="AppiumLibrary">
<arg>xpath=/hierarchy/android.widget.FrameLayout/android.widget.LinearLayout/android.widget.FrameLayout/android.widget.FrameLayout/android.view.View/android.view.View/android.view.View/android.view.View[5]</arg>
<doc>Waits until element specified with `locator` is visible.</doc>
<status status="PASS" start="2024-03-22T14:24:15.109958" elapsed="0.094540"/>
</kw>
<kw name="Click Element" owner="AppiumLibrary">
<msg time="2024-03-22T14:24:15.206104" level="INFO">Clicking element 'xpath=/hierarchy/android.widget.FrameLayout/android.widget.LinearLayout/android.widget.FrameLayout/android.widget.FrameLayout/android.view.View/android.view.View/android.view.View/android.view.View[5]'.</msg>
<arg>xpath=/hierarchy/android.widget.FrameLayout/android.widget.LinearLayout/android.widget.FrameLayout/android.widget.FrameLayout/android.view.View/android.view.View/android.view.View/android.view.View[5]</arg>
<doc>Click element identified by `locator`.</doc>
<status status="PASS" start="2024-03-22T14:24:15.204812" elapsed="0.650366"/>
</kw>
<kw name="Sleep" owner="BuiltIn">
<msg time="2024-03-22T14:24:18.856042" level="INFO">Slept 3 seconds.</msg>
<arg>3</arg>
<doc>Pauses the test executed for the given time.</doc>
<status status="PASS" start="2024-03-22T14:24:15.855598" elapsed="3.000623"/>
</kw>
<kw name="Wait Until Element Is Visible" owner="AppiumLibrary">
<arg>xpath=//android.widget.Button[@content-desc="Add to Cart ฿ 318"]</arg>
<doc>Waits until element specified with `locator` is visible.</doc>
<status status="PASS" start="2024-03-22T14:24:18.856675" elapsed="0.088765"/>
</kw>
<kw name="Click Element" owner="AppiumLibrary">
<msg time="2024-03-22T14:24:18.946947" level="INFO">Clicking element 'xpath=//android.widget.Button[@content-desc="Add to Cart ฿ 318"]'.</msg>
<arg>xpath=//android.widget.Button[@content-desc="Add to Cart ฿ 318"]</arg>
<doc>Click element identified by `locator`.</doc>
<status status="PASS" start="2024-03-22T14:24:18.945677" elapsed="0.950807"/>
</kw>
<status status="PASS" start="2024-03-22T14:24:05.450761" elapsed="14.446032"/>
</test>
<test id="s1-t5" name="BONCHON CHICKEN" line="46">
<kw name="Sleep" owner="BuiltIn">
<msg time="2024-03-22T14:24:22.897789" level="INFO">Slept 3 seconds.</msg>
<arg>3</arg>
<doc>Pauses the test executed for the given time.</doc>
<status status="PASS" start="2024-03-22T14:24:19.897516" elapsed="3.000417"/>
</kw>
<kw name="Wait Until Element Is Visible" owner="AppiumLibrary">
<arg>accessibility_id=BONCHON CHICKEN</arg>
<doc>Waits until element specified with `locator` is visible.</doc>
<status status="PASS" start="2024-03-22T14:24:22.898237" elapsed="0.164241"/>
</kw>
<kw name="Click Element" owner="AppiumLibrary">
<msg time="2024-03-22T14:24:23.065402" level="INFO">Clicking element 'accessibility_id=BONCHON CHICKEN'.</msg>
<arg>accessibility_id=BONCHON CHICKEN</arg>
<doc>Click element identified by `locator`.</doc>
<status status="PASS" start="2024-03-22T14:24:23.063010" elapsed="1.385876"/>
</kw>
<kw name="Sleep" owner="BuiltIn">
<msg time="2024-03-22T14:24:27.450442" level="INFO">Slept 3 seconds.</msg>
<arg>3</arg>
<doc>Pauses the test executed for the given time.</doc>
<status status="PASS" start="2024-03-22T14:24:24.449214" elapsed="3.001423"/>
</kw>
<kw name="Wait Until Element Is Visible" owner="AppiumLibrary">
<arg>accessibility_id=Select</arg>
<doc>Waits until element specified with `locator` is visible.</doc>
<status status="PASS" start="2024-03-22T14:24:27.451074" elapsed="0.058420"/>
</kw>
<kw name="Click Element" owner="AppiumLibrary">
<msg time="2024-03-22T14:24:27.510985" level="INFO">Clicking element 'accessibility_id=Select'.</msg>
<arg>accessibility_id=Select</arg>
<doc>Click element identified by `locator`.</doc>
<status status="PASS" start="2024-03-22T14:24:27.509724" elapsed="1.117524"/>
</kw>
<kw name="Sleep" owner="BuiltIn">
<msg time="2024-03-22T14:24:31.628172" level="INFO">Slept 3 seconds.</msg>
<arg>3</arg>
<doc>Pauses the test executed for the given time.</doc>
<status status="PASS" start="2024-03-22T14:24:28.627547" elapsed="3.000808"/>
</kw>
<kw name="Wait Until Element Is Visible" owner="AppiumLibrary">
<arg>xpath=//android.widget.Button[@content-desc="Add to Cart ฿ 199"]</arg>
<doc>Waits until element specified with `locator` is visible.</doc>
<status status="PASS" start="2024-03-22T14:24:31.628776" elapsed="0.090364"/>
</kw>
<kw name="Click Element" owner="AppiumLibrary">
<msg time="2024-03-22T14:24:31.720652" level="INFO">Clicking element 'xpath=//android.widget.Button[@content-desc="Add to Cart ฿ 199"]'.</msg>
<arg>xpath=//android.widget.Button[@content-desc="Add to Cart ฿ 199"]</arg>
<doc>Click element identified by `locator`.</doc>
<status status="PASS" start="2024-03-22T14:24:31.719372" elapsed="0.949384"/>
</kw>
<kw name="Sleep" owner="BuiltIn">
<msg time="2024-03-22T14:24:35.669410" level="INFO">Slept 3 seconds.</msg>
<arg>3</arg>
<doc>Pauses the test executed for the given time.</doc>
<status status="PASS" start="2024-03-22T14:24:32.669075" elapsed="3.000520"/>
</kw>
<status status="PASS" start="2024-03-22T14:24:19.897097" elapsed="15.772912"/>
</test>
<test id="s1-t6" name="BONCHON x GAGA" line="57">
<kw name="Wait Until Element Is Visible" owner="AppiumLibrary">
<arg>accessibility_id=BONCHON x GAGA</arg>
<doc>Waits until element specified with `locator` is visible.</doc>
<status status="PASS" start="2024-03-22T14:24:35.670909" elapsed="0.052364"/>
</kw>
<kw name="Click Element" owner="AppiumLibrary">
<msg time="2024-03-22T14:24:35.724843" level="INFO">Clicking element 'accessibility_id=BONCHON x GAGA'.</msg>
<arg>accessibility_id=BONCHON x GAGA</arg>
<doc>Click element identified by `locator`.</doc>
<status status="PASS" start="2024-03-22T14:24:35.723511" elapsed="1.165039"/>
</kw>
<kw name="Sleep" owner="BuiltIn">
<msg time="2024-03-22T14:24:39.891501" level="INFO">Slept 3 seconds.</msg>
<arg>3</arg>
<doc>Pauses the test executed for the given time.</doc>
<status status="PASS" start="2024-03-22T14:24:36.888857" elapsed="3.002882"/>
</kw>
<kw name="Wait Until Element Is Visible" owner="AppiumLibrary">
<arg>accessibility_id=Select</arg>
<doc>Waits until element specified with `locator` is visible.</doc>
<status status="PASS" start="2024-03-22T14:24:39.892291" elapsed="0.046468"/>
</kw>
<kw name="Click Element" owner="AppiumLibrary">
<msg time="2024-03-22T14:24:39.940285" level="INFO">Clicking element 'accessibility_id=Select'.</msg>
<arg>accessibility_id=Select</arg>
<doc>Click element identified by `locator`.</doc>
<status status="PASS" start="2024-03-22T14:24:39.938998" elapsed="0.913278"/>
</kw>
<kw name="Sleep" owner="BuiltIn">
<msg time="2024-03-22T14:24:43.854443" level="INFO">Slept 3 seconds.</msg>
<arg>3</arg>
<doc>Pauses the test executed for the given time.</doc>
<status status="PASS" start="2024-03-22T14:24:40.852526" elapsed="3.002160"/>
</kw>
<kw name="Wait Until Element Is Visible" owner="AppiumLibrary">
<arg>xpath=//android.widget.Button[@content-desc="Add to Cart ฿ 89"]</arg>
<doc>Waits until element specified with `locator` is visible.</doc>
<status status="PASS" start="2024-03-22T14:24:43.855263" elapsed="0.086478"/>
</kw>
<kw name="Click Element" owner="AppiumLibrary">
<msg time="2024-03-22T14:24:43.943266" level="INFO">Clicking element 'xpath=//android.widget.Button[@content-desc="Add to Cart ฿ 89"]'.</msg>
<arg>xpath=//android.widget.Button[@content-desc="Add to Cart ฿ 89"]</arg>
<doc>Click element identified by `locator`.</doc>
<status status="PASS" start="2024-03-22T14:24:43.941977" elapsed="0.944002"/>
</kw>
<status status="PASS" start="2024-03-22T14:24:35.670394" elapsed="9.215866"/>
</test>
<test id="s1-t7" name="Cart" line="67">
<kw name="Sleep" owner="BuiltIn">
<msg time="2024-03-22T14:24:47.887863" level="INFO">Slept 3 seconds.</msg>
<arg>3</arg>
<doc>Pauses the test executed for the given time.</doc>
<status status="PASS" start="2024-03-22T14:24:44.886936" elapsed="3.001168"/>
</kw>
<kw name="Wait Until Element Is Visible" owner="AppiumLibrary">
<arg>xpath=//android.view.View[@content-desc="4"]</arg>
<doc>Waits until element specified with `locator` is visible.</doc>
<status status="PASS" start="2024-03-22T14:24:47.888638" elapsed="0.106292"/>
</kw>
<kw name="Click Element" owner="AppiumLibrary">
<msg time="2024-03-22T14:24:47.996597" level="INFO">Clicking element 'xpath=//android.view.View[@content-desc="4"]'.</msg>
<arg>xpath=//android.view.View[@content-desc="4"]</arg>
<doc>Click element identified by `locator`.</doc>
<status status="PASS" start="2024-03-22T14:24:47.995283" elapsed="0.129376"/>
</kw>
<status status="PASS" start="2024-03-22T14:24:44.886547" elapsed="3.238350"/>
</test>
<test id="s1-t8" name="Checkout" line="72">
<kw name="Sleep" owner="BuiltIn">
<msg time="2024-03-22T14:24:51.127878" level="INFO">Slept 3 seconds.</msg>
<arg>3</arg>
<doc>Pauses the test executed for the given time.</doc>
<status status="PASS" start="2024-03-22T14:24:48.125477" elapsed="3.002645"/>
</kw>
<kw name="Swipe" owner="AppiumLibrary">
<arg>start_x=559</arg>
<arg>start_y=1593</arg>
<arg>offset_x=569</arg>
<arg>offset_y=311</arg>
<doc>Swipe from one point to another point, for an optional duration.</doc>
<status status="PASS" start="2024-03-22T14:24:51.128686" elapsed="1.066518"/>
</kw>
<kw name="Sleep" owner="BuiltIn">
<msg time="2024-03-22T14:24:55.196294" level="INFO">Slept 3 seconds.</msg>
<arg>3</arg>
<doc>Pauses the test executed for the given time.</doc>
<status status="PASS" start="2024-03-22T14:24:52.195435" elapsed="3.001025"/>
</kw>
<kw name="Swipe" owner="AppiumLibrary">
<arg>start_x=564</arg>
<arg>start_y=1444</arg>
<arg>offset_x=575</arg>
<arg>offset_y=427</arg>
<doc>Swipe from one point to another point, for an optional duration.</doc>
<status status="PASS" start="2024-03-22T14:24:55.196827" elapsed="1.095820"/>
</kw>
<kw name="Sleep" owner="BuiltIn">
<msg time="2024-03-22T14:24:59.295331" level="INFO">Slept 3 seconds.</msg>
<arg>3</arg>
<doc>Pauses the test executed for the given time.</doc>
<status status="PASS" start="2024-03-22T14:24:56.292903" elapsed="3.002544"/>
</kw>
<kw name="Swipe" owner="AppiumLibrary">
<arg>start_x=564</arg>
<arg>start_y=1444</arg>
<arg>offset_x=575</arg>
<arg>offset_y=427</arg>
<doc>Swipe from one point to another point, for an optional duration.</doc>
<status status="PASS" start="2024-03-22T14:24:59.295689" elapsed="1.047496"/>
</kw>
<kw name="Sleep" owner="BuiltIn">
<msg time="2024-03-22T14:25:03.344039" level="INFO">Slept 3 seconds.</msg>
<arg>3</arg>
<doc>Pauses the test executed for the given time.</doc>
<status status="PASS" start="2024-03-22T14:25:00.343460" elapsed="3.000696"/>
</kw>
<kw name="Swipe" owner="AppiumLibrary">
<arg>start_x=564</arg>
<arg>start_y=1444</arg>
<arg>offset_x=575</arg>
<arg>offset_y=427</arg>
<doc>Swipe from one point to another point, for an optional duration.</doc>
<status status="PASS" start="2024-03-22T14:25:03.344497" elapsed="1.031665"/>
</kw>
<kw name="Sleep" owner="BuiltIn">
<msg time="2024-03-22T14:25:07.377393" level="INFO">Slept 3 seconds.</msg>
<arg>3</arg>
<doc>Pauses the test executed for the given time.</doc>
<status status="PASS" start="2024-03-22T14:25:04.376394" elapsed="3.001127"/>
</kw>
<kw name="Wait Until Element Is Visible" owner="AppiumLibrary">
<arg>accessibility_id=Plastic Cutlery</arg>
<doc>Waits until element specified with `locator` is visible.</doc>
<status status="PASS" start="2024-03-22T14:25:07.377838" elapsed="0.052599"/>
</kw>
<kw name="Click Element" owner="AppiumLibrary">
<msg time="2024-03-22T14:25:07.432255" level="INFO">Clicking element 'accessibility_id=Plastic Cutlery'.</msg>
<arg>accessibility_id=Plastic Cutlery</arg>
<doc>Click element identified by `locator`.</doc>
<status status="PASS" start="2024-03-22T14:25:07.430709" elapsed="0.632220"/>
</kw>
<status status="PASS" start="2024-03-22T14:24:48.125128" elapsed="19.938053"/>
</test>
<test id="s1-t9" name="payment True money" line="84">
<kw name="Sleep" owner="BuiltIn">
<msg time="2024-03-22T14:25:13.064934" level="INFO">Slept 5 seconds.</msg>
<arg>5</arg>
<doc>Pauses the test executed for the given time.</doc>
<status status="PASS" start="2024-03-22T14:25:08.063931" elapsed="5.001192"/>
</kw>
<kw name="Click Element At Coordinates" owner="AppiumLibrary">
<msg time="2024-03-22T14:25:13.067973" level="INFO">Pressing at (985, 1832).</msg>
<arg>985</arg>
<arg>1832</arg>
<doc>click element at a certain coordinate</doc>
<status status="PASS" start="2024-03-22T14:25:13.065539" elapsed="0.177537"/>
</kw>
<kw name="Sleep" owner="BuiltIn">
<msg time="2024-03-22T14:25:16.244013" level="INFO">Slept 3 seconds.</msg>
<arg>3</arg>
<doc>Pauses the test executed for the given time.</doc>
<status status="PASS" start="2024-03-22T14:25:13.243365" elapsed="3.000821"/>
</kw>
<kw name="Wait Until Element Is Visible" owner="AppiumLibrary">
<arg>accessibility_id=TrueMoney Wallet</arg>
<doc>Waits until element specified with `locator` is visible.</doc>
<status status="PASS" start="2024-03-22T14:25:16.244554" elapsed="0.477144"/>
</kw>
<kw name="Click Element" owner="AppiumLibrary">
<msg time="2024-03-22T14:25:16.723482" level="INFO">Clicking element 'accessibility_id=TrueMoney Wallet'.</msg>
<arg>accessibility_id=TrueMoney Wallet</arg>
<doc>Click element identified by `locator`.</doc>
<status status="PASS" start="2024-03-22T14:25:16.721961" elapsed="0.083431"/>
</kw>
<kw name="Sleep" owner="BuiltIn">
<msg time="2024-03-22T14:25:19.807130" level="INFO">Slept 3 seconds.</msg>
<arg>3</arg>
<doc>Pauses the test executed for the given time.</doc>
<status status="PASS" start="2024-03-22T14:25:16.805813" elapsed="3.001460"/>
</kw>
<kw name="Wait Until Element Is Visible" owner="AppiumLibrary">
<arg>accessibility_id=Order Now ฿ 625</arg>
<doc>Waits until element specified with `locator` is visible.</doc>
<status status="PASS" start="2024-03-22T14:25:19.807632" elapsed="0.047150"/>
</kw>
<kw name="Click Element" owner="AppiumLibrary">
<msg time="2024-03-22T14:25:19.856557" level="INFO">Clicking element 'accessibility_id=Order Now ฿ 625'.</msg>
<arg>accessibility_id=Order Now ฿ 625</arg>
<doc>Click element identified by `locator`.</doc>
<status status="PASS" start="2024-03-22T14:25:19.855042" elapsed="1.757060"/>
</kw>
<kw name="Sleep" owner="BuiltIn">
<msg time="2024-03-22T14:25:24.613123" level="INFO">Slept 3 seconds.</msg>
<arg>3</arg>
<doc>Pauses the test executed for the given time.</doc>
<status status="PASS" start="2024-03-22T14:25:21.612352" elapsed="3.000881"/>
</kw>
<kw name="Wait Until Element Is Visible" owner="AppiumLibrary">
<arg>xpath=//android.widget.EditText</arg>
<doc>Waits until element specified with `locator` is visible.</doc>
<status status="PASS" start="2024-03-22T14:25:24.613547" elapsed="0.093635"/>
</kw>
<kw name="Input Text" owner="AppiumLibrary">
<msg time="2024-03-22T14:25:24.709132" level="INFO">Typing text '0930233062' into text field 'xpath=//android.widget.EditText'</msg>
<arg>xpath=//android.widget.EditText</arg>
<arg>0930233062</arg>
<doc>Types the given `text` into text field identified by `locator`.</doc>
<status status="PASS" start="2024-03-22T14:25:24.707443" elapsed="0.083474"/>
</kw>
<kw name="Sleep" owner="BuiltIn">
<msg time="2024-03-22T14:25:27.791430" level="INFO">Slept 3 seconds.</msg>
<arg>3</arg>
<doc>Pauses the test executed for the given time.</doc>
<status status="PASS" start="2024-03-22T14:25:24.791163" elapsed="3.000375"/>
</kw>
<kw name="Wait Until Element Is Visible" owner="AppiumLibrary">
<arg>accessibility_id=Sent OTP</arg>
<doc>Waits until element specified with `locator` is visible.</doc>
<status status="PASS" start="2024-03-22T14:25:27.791783" elapsed="0.046628"/>
</kw>
<kw name="Click Element" owner="AppiumLibrary">
<msg time="2024-03-22T14:25:27.839944" level="INFO">Clicking element 'accessibility_id=Sent OTP'.</msg>
<arg>accessibility_id=Sent OTP</arg>
<doc>Click element identified by `locator`.</doc>
<status status="PASS" start="2024-03-22T14:25:27.838644" elapsed="0.823246"/>
</kw>
<kw name="Sleep" owner="BuiltIn">
<msg time="2024-03-22T14:25:38.662772" level="INFO">Slept 10 seconds.</msg>
<arg>10</arg>
<doc>Pauses the test executed for the given time.</doc>
<status status="PASS" start="2024-03-22T14:25:28.662337" elapsed="10.000542"/>
</kw>
<kw name="Click Element At Coordinates" owner="AppiumLibrary">
<msg time="2024-03-22T14:25:38.664455" level="INFO">Pressing at (411, 953).</msg>
<arg>411</arg>
<arg>953</arg>
<doc>click element at a certain coordinate</doc>
<status status="PASS" start="2024-03-22T14:25:38.663107" elapsed="1.897962"/>
</kw>
<kw name="Sleep" owner="BuiltIn">
<msg time="2024-03-22T14:25:50.561605" level="INFO">Slept 10 seconds.</msg>
<arg>10</arg>
<doc>Pauses the test executed for the given time.</doc>
<status status="PASS" start="2024-03-22T14:25:40.561346" elapsed="10.000388"/>
</kw>
<kw name="Swipe" owner="AppiumLibrary">
<arg>start_x=571</arg>
<arg>start_y=1535</arg>
<arg>offset_x=625</arg>
<arg>offset_y=545</arg>
<doc>Swipe from one point to another point, for an optional duration.</doc>
<status status="PASS" start="2024-03-22T14:25:50.562032" elapsed="1.053598"/>
</kw>
<status status="PASS" start="2024-03-22T14:25:08.063490" elapsed="43.552390"/>
</test>
<test id="s1-t10" name="Click Back" line="104">
<kw name="Sleep" owner="BuiltIn">
<msg time="2024-03-22T14:26:01.617311" level="INFO">Slept 10 seconds.</msg>
<arg>10</arg>
<doc>Pauses the test executed for the given time.</doc>
<status status="PASS" start="2024-03-22T14:25:51.616459" elapsed="10.001102"/>
</kw>
<kw name="Wait Until Element Is Visible" owner="AppiumLibrary">
<arg>accessibility_id=Back</arg>
<doc>Waits until element specified with `locator` is visible.</doc>
<status status="PASS" start="2024-03-22T14:26:01.618151" elapsed="0.062453"/>
</kw>
<kw name="Click Element" owner="AppiumLibrary">
<msg time="2024-03-22T14:26:01.682110" level="INFO">Clicking element 'accessibility_id=Back'.</msg>
<arg>accessibility_id=Back</arg>
<doc>Click element identified by `locator`.</doc>
<status status="PASS" start="2024-03-22T14:26:01.680831" elapsed="0.080690"/>
</kw>
<kw name="Sleep" owner="BuiltIn">
<msg time="2024-03-22T14:26:11.763552" level="INFO">Slept 10 seconds.</msg>
<arg>10</arg>
<doc>Pauses the test executed for the given time.</doc>
<status status="PASS" start="2024-03-22T14:26:01.762266" elapsed="10.001389"/>
</kw>
<kw name="Click Element At Coordinates" owner="AppiumLibrary">
<msg time="2024-03-22T14:26:11.765146" level="INFO">Pressing at (973, 2234).</msg>
<arg>973</arg>
<arg>2234</arg>
<doc>click element at a certain coordinate</doc>
<status status="PASS" start="2024-03-22T14:26:11.763879" elapsed="0.758225"/>
</kw>
<status status="PASS" start="2024-03-22T14:25:51.616122" elapsed="20.906220"/>
</test>
<test id="s1-t11" name="logout" line="111">
<kw name="Sleep" owner="BuiltIn">
<msg time="2024-03-22T14:26:15.524757" level="INFO">Slept 3 seconds.</msg>
<arg>3</arg>
<doc>Pauses the test executed for the given time.</doc>
<status status="PASS" start="2024-03-22T14:26:12.522966" elapsed="3.001978"/>
</kw>
<kw name="Wait Until Element Is Visible" owner="AppiumLibrary">
<arg>xpath=//android.view.View[@content-desc="My Profile"]</arg>
<doc>Waits until element specified with `locator` is visible.</doc>
<status status="PASS" start="2024-03-22T14:26:15.525383" elapsed="0.116555"/>
</kw>
<kw name="Click Element" owner="AppiumLibrary">
<msg time="2024-03-22T14:26:15.644069" level="INFO">Clicking element 'xpath=//android.view.View[@content-desc="My Profile"]'.</msg>
<arg>xpath=//android.view.View[@content-desc="My Profile"]</arg>
<doc>Click element identified by `locator`.</doc>
<status status="PASS" start="2024-03-22T14:26:15.642210" elapsed="0.137134"/>
</kw>
<kw name="Sleep" owner="BuiltIn">
<msg time="2024-03-22T14:26:20.780946" level="INFO">Slept 5 seconds.</msg>
<arg>5</arg>
<doc>Pauses the test executed for the given time.</doc>
<status status="PASS" start="2024-03-22T14:26:15.779664" elapsed="5.001399"/>
</kw>
<kw name="Wait Until Element Is Visible" owner="AppiumLibrary">
<arg>xpath=//android.widget.Button[@content-desc="Sign out"]</arg>
<doc>Waits until element specified with `locator` is visible.</doc>
<status status="PASS" start="2024-03-22T14:26:20.781305" elapsed="0.100116"/>
</kw>
<kw name="Click Element" owner="AppiumLibrary">
<msg time="2024-03-22T14:26:20.883202" level="INFO">Clicking element 'xpath=//android.widget.Button[@content-desc="Sign out"]'.</msg>
<arg>xpath=//android.widget.Button[@content-desc="Sign out"]</arg>
<doc>Click element identified by `locator`.</doc>
<status status="PASS" start="2024-03-22T14:26:20.881719" elapsed="1.028664"/>
</kw>
<kw name="Sleep" owner="BuiltIn">
<msg time="2024-03-22T14:26:24.912489" level="INFO">Slept 3 seconds.</msg>
<arg>3</arg>
<doc>Pauses the test executed for the given time.</doc>
<status status="PASS" start="2024-03-22T14:26:21.910675" elapsed="3.001972"/>
</kw>
<kw name="Close Application" owner="AppiumLibrary">
<doc>Closes the current application and also close webdriver session.</doc>
<status status="PASS" start="2024-03-22T14:26:24.913018" elapsed="0.663622"/>
</kw>
<status status="PASS" start="2024-03-22T14:26:12.522565" elapsed="13.054441"/>
</test>
<status status="PASS" start="2024-03-22T14:23:39.683967" elapsed="165.894108"/>
</suite>
<statistics>
<total>
<stat pass="11" fail="0" skip="0">All Tests</stat>
</total>
<tag>
</tag>
<suite>
<stat pass="11" fail="0" skip="0" id="s1" name="15-BC DeliveryASAPTMN">15-BC DeliveryASAPTMN</stat>
</suite>
</statistics>
<errors>
</errors>
</robot>
